Using pre-set license
Built from '2021.3/staging' branch; Version is '2021.3.1f1 (3b70a0754835) revision 3895456'; Using compiler version '192829333'; Build Type 'Release'
OS: 'Windows 10  (10.0.19043) 64bit Core' Language: 'en' Physical Memory: 16336 MB
BatchMode: 1, IsHumanControllingUs: 0, StartBugReporterOnCrash: 0, Is64bit: 1, IsPro: 1

COMMAND LINE ARGUMENTS:
C:\Program Files\Unity\Hub\Editor\2021.3.1f1\Editor\Unity.exe
-adb2
-batchMode
-noUpm
-name
AssetImportWorker1
-projectPath
C:/Users/mvale/OneDrive/Documents/GitHub/22T2_GAD107.3_MAX_VALENTINE
-logFile
Logs/AssetImportWorker1.log
-srvPort
49335
Successfully changed project path to: C:/Users/mvale/OneDrive/Documents/GitHub/22T2_GAD107.3_MAX_VALENTINE
C:/Users/mvale/OneDrive/Documents/GitHub/22T2_GAD107.3_MAX_VALENTINE
[UnityMemory] Configuration Parameters - Can be set up in boot.config
    "memorysetup-bucket-allocator-granularity=16"
    "memorysetup-bucket-allocator-bucket-count=8"
    "memorysetup-bucket-allocator-block-size=33554432"
    "memorysetup-bucket-allocator-block-count=8"
    "memorysetup-main-allocator-block-size=16777216"
    "memorysetup-thread-allocator-block-size=16777216"
    "memorysetup-gfx-main-allocator-block-size=16777216"
    "memorysetup-gfx-thread-allocator-block-size=16777216"
    "memorysetup-cache-allocator-block-size=4194304"
    "memorysetup-typetree-allocator-block-size=2097152"
    "memorysetup-profiler-bucket-allocator-granularity=16"
    "memorysetup-profiler-bucket-allocator-bucket-count=8"
    "memorysetup-profiler-bucket-allocator-block-size=33554432"
    "memorysetup-profiler-bucket-allocator-block-count=8"
    "memorysetup-profiler-allocator-block-size=16777216"
    "memorysetup-profiler-editor-allocator-block-size=1048576"
    "memorysetup-temp-allocator-size-main=16777216"
    "memorysetup-job-temp-allocator-block-size=2097152"
    "memorysetup-job-temp-allocator-block-size-background=1048576"
    "memorysetup-job-temp-allocator-reduction-small-platforms=262144"
    "memorysetup-temp-allocator-size-background-worker=32768"
    "memorysetup-temp-allocator-size-job-worker=262144"
    "memorysetup-temp-allocator-size-preload-manager=33554432"
    "memorysetup-temp-allocator-size-nav-mesh-worker=65536"
    "memorysetup-temp-allocator-size-audio-worker=65536"
    "memorysetup-temp-allocator-size-cloud-worker=32768"
    "memorysetup-temp-allocator-size-gi-baking-worker=262144"
    "memorysetup-temp-allocator-size-gfx=262144"
Refreshing native plugins compatible for Editor in 30.77 ms, found 2 plugins.
Preloading 0 native plugins for Editor in 0.00 ms.
Initialize engine version: 2021.3.1f1 (3b70a0754835)
[Subsystems] Discovering subsystems at path C:/Program Files/Unity/Hub/Editor/2021.3.1f1/Editor/Data/Resources/UnitySubsystems
[Subsystems] Discovering subsystems at path C:/Users/mvale/OneDrive/Documents/GitHub/22T2_GAD107.3_MAX_VALENTINE/Assets
GfxDevice: creating device client; threaded=0; jobified=0
Direct3D:
    Version:  Direct3D 11.0 [level 11.1]
    Renderer: NVIDIA GeForce RTX 3060 (ID=0x2504)
    Vendor:   NVIDIA
    VRAM:     12142 MB
    Driver:   31.0.15.1659
Initialize mono
Mono path[0] = 'C:/Program Files/Unity/Hub/Editor/2021.3.1f1/Editor/Data/Managed'
Mono path[1] = 'C:/Program Files/Unity/Hub/Editor/2021.3.1f1/Editor/Data/MonoBleedingEdge/lib/mono/unityjit-win32'
Mono config path = 'C:/Program Files/Unity/Hub/Editor/2021.3.1f1/Editor/Data/MonoBleedingEdge/etc'
Using monoOptions --debugger-agent=transport=dt_socket,embedding=1,server=y,suspend=n,address=127.0.0.1:56776
Begin MonoManager ReloadAssembly
Registering precompiled unity dll's ...
Register platform support module: C:/Program Files/Unity/Hub/Editor/2021.3.1f1/Editor/Data/PlaybackEngines/WindowsStandaloneSupport/UnityEditor.WindowsStandalone.Extensions.dll
Registered in 0.009612 seconds.
Native extension for WindowsStandalone target not found
Refreshing native plugins compatible for Editor in 30.42 ms, found 2 plugins.
Preloading 0 native plugins for Editor in 0.00 ms.
Mono: successfully reloaded assembly
- Completed reload, in  0.669 seconds
Domain Reload Profiling:
	ReloadAssembly (669ms)
		BeginReloadAssembly (82ms)
			ExecutionOrderSort (0ms)
			DisableScriptedObjects (0ms)
			BackupInstance (0ms)
			ReleaseScriptingObjects (0ms)
			CreateAndSetChildDomain (1ms)
		EndReloadAssembly (459ms)
			LoadAssemblies (80ms)
			RebuildTransferFunctionScriptingTraits (0ms)
			SetupTypeCache (121ms)
			ReleaseScriptCaches (0ms)
			RebuildScriptCaches (31ms)
			SetupLoadedEditorAssemblies (250ms)
				LogAssemblyErrors (0ms)
				InitializePlatformSupportModulesInManaged (10ms)
				SetLoadedEditorAssemblies (0ms)
				RefreshPlugins (31ms)
				BeforeProcessingInitializeOnLoad (1ms)
				ProcessInitializeOnLoadAttributes (153ms)
				ProcessInitializeOnLoadMethodAttributes (55ms)
				AfterProcessingInitializeOnLoad (0ms)
				EditorAssembliesLoaded (0ms)
			ExecutionOrderSort2 (0ms)
			AwakeInstancesAfterBackupRestoration (0ms)
Platform modules already initialized, skipping
Registering precompiled user dll's ...
Registered in 0.003849 seconds.
Begin MonoManager ReloadAssembly
Symbol file LoadedFromMemory is not a mono symbol file
Native extension for WindowsStandalone target not found
Refreshing native plugins compatible for Editor in 0.30 ms, found 2 plugins.
Preloading 0 native plugins for Editor in 0.00 ms.
Mono: successfully reloaded assembly
- Completed reload, in  0.944 seconds
Domain Reload Profiling:
	ReloadAssembly (945ms)
		BeginReloadAssembly (126ms)
			ExecutionOrderSort (0ms)
			DisableScriptedObjects (5ms)
			BackupInstance (0ms)
			ReleaseScriptingObjects (0ms)
			CreateAndSetChildDomain (26ms)
		EndReloadAssembly (692ms)
			LoadAssemblies (93ms)
			RebuildTransferFunctionScriptingTraits (0ms)
			SetupTypeCache (194ms)
			ReleaseScriptCaches (0ms)
			RebuildScriptCaches (40ms)
			SetupLoadedEditorAssemblies (329ms)
				LogAssemblyErrors (0ms)
				InitializePlatformSupportModulesInManaged (6ms)
				SetLoadedEditorAssemblies (1ms)
				RefreshPlugins (0ms)
				BeforeProcessingInitializeOnLoad (54ms)
				ProcessInitializeOnLoadAttributes (229ms)
				ProcessInitializeOnLoadMethodAttributes (27ms)
				AfterProcessingInitializeOnLoad (12ms)
				EditorAssembliesLoaded (0ms)
			ExecutionOrderSort2 (0ms)
			AwakeInstancesAfterBackupRestoration (8ms)
Platform modules already initialized, skipping
========================================================================
Worker process is ready to serve import requests
Launched and connected shader compiler UnityShaderCompiler.exe after 0.05 seconds
Refreshing native plugins compatible for Editor in 0.34 ms, found 2 plugins.
Preloading 0 native plugins for Editor in 0.00 ms.
Unloading 1547 Unused Serialized files (Serialized files now loaded: 0)
Unloading 16 unused Assets / (56.1 KB). Loaded Objects now: 2014.
Memory consumption went from 69.0 MB to 68.9 MB.
Total: 3.380500 ms (FindLiveObjects: 0.161600 ms CreateObjectMapping: 0.118600 ms MarkObjects: 2.982500 ms  DeleteObjects: 0.116500 ms)

AssetImportParameters requested are different than current active one (requested -> active):
  custom:video-decoder-ogg-theora: a1e56fd34408186e4bbccfd4996cb3dc -> 
  custom:container-muxer-webm: aa71ff27fc2769a1b78a27578f13a17b -> 
  custom:container-demuxer-webm: 4f35f7cbe854078d1ac9338744f61a02 -> 
  custom:video-encoder-webm-vp8: eb34c28f22e8b96e1ab97ce403110664 -> 
  custom:video-codec-MediaFoundation-h265: 746d11721c4dcdbdad8f713fa42b33f4 -> 
  custom:audio-encoder-webm-vorbis: bf7c407c2cedff20999df2af8eb42d56 -> 
  custom:framework-win-MediaFoundation: 216162199b28c13a410421893ffa2e32 -> 
  custom:container-demuxer-ogg: 62fdf1f143b41e24485cea50d1cbac27 -> 
  custom:video-decoder-webm-vp8: 9c59270c3fd7afecdb556c50c9e8de78 -> 
  custom:audio-decoder-ogg-vorbis: bf7c407c2cedff20999df2af8eb42d56 -> 
========================================================================
Received Import Request.
  Time since last request: 477683.974015 seconds.
  path: Assets/Models/Building02.fbx
  artifactKey: Guid(992c4a39423e14441b0ca193156ada69) Importer(815301076,1909f56bfc062723c751e8b465ee728b)
Start importing Assets/Models/Building02.fbx using Guid(992c4a39423e14441b0ca193156ada69) Importer(815301076,1909f56bfc062723c751e8b465ee728b)  -> (artifact id: '05742207050955bd8d49c0753a4ba3da') in 2.213753 seconds 
========================================================================
Received Import Request.
  Time since last request: 0.000025 seconds.
  path: Assets/Models/Ruins01.fbx
  artifactKey: Guid(b0c6a84f704b9a14dabdb8e547ee686e) Importer(815301076,1909f56bfc062723c751e8b465ee728b)
Start importing Assets/Models/Ruins01.fbx using Guid(b0c6a84f704b9a14dabdb8e547ee686e) Importer(815301076,1909f56bfc062723c751e8b465ee728b)  -> (artifact id: '6e2fe5112b0ab0205c19f6174b21851e') in 0.112221 seconds 
========================================================================
Received Import Request.
  Time since last request: 0.000024 seconds.
  path: Assets/Models/Shell.fbx
  artifactKey: Guid(ca7642ea4df53684e9cc6b8da5f921df) Importer(815301076,1909f56bfc062723c751e8b465ee728b)
Start importing Assets/Models/Shell.fbx using Guid(ca7642ea4df53684e9cc6b8da5f921df) Importer(815301076,1909f56bfc062723c751e8b465ee728b)  -> (artifact id: 'b5e69d142b5f7b4fdeeabf6736930d9d') in 0.065260 seconds 
========================================================================
Received Import Request.
  Time since last request: 0.000037 seconds.
  path: Assets/Models/Tank.fbx
  artifactKey: Guid(0c297b65e86a96d4f9f9143682e6651d) Importer(815301076,1909f56bfc062723c751e8b465ee728b)
Start importing Assets/Models/Tank.fbx using Guid(0c297b65e86a96d4f9f9143682e6651d) Importer(815301076,1909f56bfc062723c751e8b465ee728b)  -> (artifact id: '8a64990528a1be28a0cc40188e351302') in 0.108648 seconds 
========================================================================
Received Import Request.
  Time since last request: 0.000015 seconds.
  path: Assets/Models/Cliff.fbx
  artifactKey: Guid(385385079348f344d85599a9415ba841) Importer(815301076,1909f56bfc062723c751e8b465ee728b)
Start importing Assets/Models/Cliff.fbx using Guid(385385079348f344d85599a9415ba841) Importer(815301076,1909f56bfc062723c751e8b465ee728b)  -> (artifact id: '796378584d9e9486d3452477025707eb') in 0.243047 seconds 
========================================================================
Received Import Request.
  Time since last request: 0.000022 seconds.
  path: Assets/Models/PalmTree.fbx
  artifactKey: Guid(a0c6429096b1c9846805eb1d2c3c4962) Importer(815301076,1909f56bfc062723c751e8b465ee728b)
Start importing Assets/Models/PalmTree.fbx using Guid(a0c6429096b1c9846805eb1d2c3c4962) Importer(815301076,1909f56bfc062723c751e8b465ee728b)  -> (artifact id: '0f0e8c974ec1f6cbd5073c6ddd9ecb57') in 0.232881 seconds 
========================================================================
Received Import Request.
  Time since last request: 0.000031 seconds.
  path: Assets/Models/Terrain.fbx
  artifactKey: Guid(8ae3cad10663f7c4fb1a17f844c512d3) Importer(815301076,1909f56bfc062723c751e8b465ee728b)
Start importing Assets/Models/Terrain.fbx using Guid(8ae3cad10663f7c4fb1a17f844c512d3) Importer(815301076,1909f56bfc062723c751e8b465ee728b)  -> (artifact id: 'cbd33a815b131d7b933dea88343e4b7f') in 0.038464 seconds 
========================================================================
Received Import Request.
  Time since last request: 0.000015 seconds.
  path: Assets/Models/Column01.FBX
  artifactKey: Guid(bafc1ce1404e21e4386b55808eed0c47) Importer(815301076,1909f56bfc062723c751e8b465ee728b)
Start importing Assets/Models/Column01.FBX using Guid(bafc1ce1404e21e4386b55808eed0c47) Importer(815301076,1909f56bfc062723c751e8b465ee728b)  -> (artifact id: '265b06ef7f30e2b2fc50eba629f90165') in 0.041272 seconds 
========================================================================
Received Import Request.
  Time since last request: 0.000026 seconds.
  path: Assets/Models/Rocks03.fbx
  artifactKey: Guid(7c47b3b9086065b41a3c42ad25ef3349) Importer(815301076,1909f56bfc062723c751e8b465ee728b)
Start importing Assets/Models/Rocks03.fbx using Guid(7c47b3b9086065b41a3c42ad25ef3349) Importer(815301076,1909f56bfc062723c751e8b465ee728b)  -> (artifact id: 'b5ddd94011a79951956a0aa54b321068') in 0.031701 seconds 
========================================================================
Received Import Request.
  Time since last request: 0.000016 seconds.
  path: Assets/Models/Tree.fbx
  artifactKey: Guid(69df63cd665e64a4488786595393ea49) Importer(815301076,1909f56bfc062723c751e8b465ee728b)
Start importing Assets/Models/Tree.fbx using Guid(69df63cd665e64a4488786595393ea49) Importer(815301076,1909f56bfc062723c751e8b465ee728b)  -> (artifact id: 'c4c4064fba7ab8b9afd36f7332908205') in 0.150288 seconds 
========================================================================
Received Import Request.
  Time since last request: 0.000022 seconds.
  path: Assets/Models/Cactus.fbx
  artifactKey: Guid(593f21278ac0c38408178ac99d4ff769) Importer(815301076,1909f56bfc062723c751e8b465ee728b)
Start importing Assets/Models/Cactus.fbx using Guid(593f21278ac0c38408178ac99d4ff769) Importer(815301076,1909f56bfc062723c751e8b465ee728b)  -> (artifact id: '899cf924a228ae02b30a0f6c56d7e30c') in 0.036750 seconds 
========================================================================
Received Import Request.
  Time since last request: 0.000026 seconds.
  path: Assets/Models/Dunes02.fbx
  artifactKey: Guid(b3b35d40d2e49c2429d7b59b4e5c9546) Importer(815301076,1909f56bfc062723c751e8b465ee728b)
Start importing Assets/Models/Dunes02.fbx using Guid(b3b35d40d2e49c2429d7b59b4e5c9546) Importer(815301076,1909f56bfc062723c751e8b465ee728b)  -> (artifact id: 'aa0f87b2594cb3e96dbeeb717c781793') in 0.027673 seconds 
========================================================================
Received Import Request.
  Time since last request: 0.000016 seconds.
  path: Assets/Models/OilStorage.fbx
  artifactKey: Guid(d1a054982ed2e7d48a878658f5ebe9d9) Importer(815301076,1909f56bfc062723c751e8b465ee728b)
Start importing Assets/Models/OilStorage.fbx using Guid(d1a054982ed2e7d48a878658f5ebe9d9) Importer(815301076,1909f56bfc062723c751e8b465ee728b)  -> (artifact id: '8792498823be6f6af101b1bc0fb81505') in 0.033763 seconds 
========================================================================
Received Import Request.
  Time since last request: 0.000016 seconds.
  path: Assets/Models/Column02.FBX
  artifactKey: Guid(79cc36a7317be2748aaa86ec65617336) Importer(815301076,1909f56bfc062723c751e8b465ee728b)
Start importing Assets/Models/Column02.FBX using Guid(79cc36a7317be2748aaa86ec65617336) Importer(815301076,1909f56bfc062723c751e8b465ee728b)  -> (artifact id: '8381a5578562da70535928665360bd8e') in 0.036035 seconds 
========================================================================
Received Import Request.
  Time since last request: 0.000016 seconds.
  path: Assets/Models/Rocks01.fbx
  artifactKey: Guid(3c1f6c036c00a5640b8d31c30b1dffdc) Importer(815301076,1909f56bfc062723c751e8b465ee728b)
Start importing Assets/Models/Rocks01.fbx using Guid(3c1f6c036c00a5640b8d31c30b1dffdc) Importer(815301076,1909f56bfc062723c751e8b465ee728b)  -> (artifact id: '5d8d977146b49bb0f471c58e3bc302fd') in 0.028194 seconds 
========================================================================
Received Import Request.
  Time since last request: 0.000017 seconds.
  path: Assets/Models/BustedTank.fbx
  artifactKey: Guid(64c4eee0d3925fd4cae5a3f30f051a33) Importer(815301076,1909f56bfc062723c751e8b465ee728b)
Start importing Assets/Models/BustedTank.fbx using Guid(64c4eee0d3925fd4cae5a3f30f051a33) Importer(815301076,1909f56bfc062723c751e8b465ee728b)  -> (artifact id: '3a6c1940e80022dc29373bbc6958de7f') in 0.034174 seconds 
========================================================================
Received Import Request.
  Time since last request: 0.000017 seconds.
  path: Assets/Models/Cow.fbx
  artifactKey: Guid(c4266e9b117358741b5221fdb3896e2e) Importer(815301076,1909f56bfc062723c751e8b465ee728b)
Start importing Assets/Models/Cow.fbx using Guid(c4266e9b117358741b5221fdb3896e2e) Importer(815301076,1909f56bfc062723c751e8b465ee728b)  -> (artifact id: '991afa94c14071f62d56114e23d7f4b2') in 0.027469 seconds 
========================================================================
Received Import Request.
  Time since last request: 0.000019 seconds.
  path: Assets/Models/Dunes01.fbx
  artifactKey: Guid(caed3a7a6e8f96c44bcffec6de29122c) Importer(815301076,1909f56bfc062723c751e8b465ee728b)
Start importing Assets/Models/Dunes01.fbx using Guid(caed3a7a6e8f96c44bcffec6de29122c) Importer(815301076,1909f56bfc062723c751e8b465ee728b)  -> (artifact id: '183dd3a27e45e937c32c5986228a0aa7') in 0.031544 seconds 
========================================================================
Received Import Request.
  Time since last request: 6.568948 seconds.
  path: Assets/Prefabs/DustTrail.prefab
  artifactKey: Guid(daceba43be89eb146a3ed6af99b08c29) Importer(815301076,1909f56bfc062723c751e8b465ee728b)
Start importing Assets/Prefabs/DustTrail.prefab using Guid(daceba43be89eb146a3ed6af99b08c29) Importer(815301076,1909f56bfc062723c751e8b465ee728b)  -> (artifact id: '26a479d4f87b0847688faabb0fc5b7ca') in 0.295949 seconds 
========================================================================
Received Import Request.
  Time since last request: 0.000022 seconds.
  path: Assets/Prefabs/ShellExplosion.prefab
  artifactKey: Guid(1911d89758d97cc4898d240e9e2545f4) Importer(815301076,1909f56bfc062723c751e8b465ee728b)
Start importing Assets/Prefabs/ShellExplosion.prefab using Guid(1911d89758d97cc4898d240e9e2545f4) Importer(815301076,1909f56bfc062723c751e8b465ee728b)  -> (artifact id: '13116767958007262b7dff2a586eb431') in 0.052614 seconds 
========================================================================
Received Import Request.
  Time since last request: 0.000024 seconds.
  path: Assets/Prefabs/TankExplosion.prefab
  artifactKey: Guid(6bc6d0dd8b8428e4ca316513f2cf13c6) Importer(815301076,1909f56bfc062723c751e8b465ee728b)
Start importing Assets/Prefabs/TankExplosion.prefab using Guid(6bc6d0dd8b8428e4ca316513f2cf13c6) Importer(815301076,1909f56bfc062723c751e8b465ee728b)  -> (artifact id: 'd937ff0075321346ef88bdb770f5eabe') in 0.019116 seconds 
========================================================================
Received Import Request.
  Time since last request: 0.000019 seconds.
  path: Assets/Prefabs/Player_02.prefab
  artifactKey: Guid(a504c6c563098ec4f9c3c8dd35ce8250) Importer(815301076,1909f56bfc062723c751e8b465ee728b)
Start importing Assets/Prefabs/Player_02.prefab using Guid(a504c6c563098ec4f9c3c8dd35ce8250) Importer(815301076,1909f56bfc062723c751e8b465ee728b)  -> (artifact id: '70a6902997d5dc735f53b1f4e4f19a96') in 0.054743 seconds 
========================================================================
Received Import Request.
  Time since last request: 6.347091 seconds.
  path: Assets/Textures/Health Wheel.png
  artifactKey: Guid(84f348dbc49d23342999478c4d465185) Importer(815301076,1909f56bfc062723c751e8b465ee728b)
Start importing Assets/Textures/Health Wheel.png using Guid(84f348dbc49d23342999478c4d465185) Importer(815301076,1909f56bfc062723c751e8b465ee728b)  -> (artifact id: '4446483c6c5a2651d363d2dd32f2d79f') in 0.065744 seconds 
